{"name":"testCustomerSuccessfulPurchase","status":"broken","statusDetails":{"known":false,"muted":false,"flaky":false,"message":"org.joor.ReflectException: java.lang.NoSuchFieldException: getLogin()","trace":"org.joor.ReflectException: org.joor.ReflectException: java.lang.NoSuchFieldException: getLogin()\r\n\tat org.joor.Reflect.field(Reflect.java:450)\r\n\tat org.joor.Reflect.get(Reflect.java:429)\r\n\tat io.qameta.allure.util.NamingUtils.extractProperties(NamingUtils.java:91)\r\n\tat io.qameta.allure.util.NamingUtils.processPattern(NamingUtils.java:71)\r\n\tat io.qameta.allure.util.NamingUtils.processNameTemplate(NamingUtils.java:52)\r\n\tat io.qameta.allure.util.AspectUtils.lambda$getName$3(AspectUtils.java:57)\r\n\tat java.util.Optional.map(Optional.java:215)\r\n\tat io.qameta.allure.util.AspectUtils.getName(AspectUtils.java:57)\r\n\tat io.qameta.allure.aspects.StepsAspects.stepStart(StepsAspects.java:72)\r\n\tat absoft.net.pages.LoginPage.loginBy(LoginPage.java:26)\r\n\tat absoft.net.TestSuite.testCustomerSuccessfulPurchase(TestSuite.java:18)\r\n\tat sun.reflect.NativeMethodAccessorImpl.invoke0(Native Method)\r\n\tat sun.reflect.NativeMethodAccessorImpl.invoke(NativeMethodAccessorImpl.java:62)\r\n\tat sun.reflect.DelegatingMethodAccessorImpl.invoke(DelegatingMethodAccessorImpl.java:43)\r\n\tat java.lang.reflect.Method.invoke(Method.java:498)\r\n\tat org.testng.internal.invokers.MethodInvocationHelper.invokeMethod(MethodInvocationHelper.java:135)\r\n\tat org.testng.internal.invokers.TestInvoker.invokeMethod(TestInvoker.java:673)\r\n\tat org.testng.internal.invokers.TestInvoker.invokeTestMethod(TestInvoker.java:220)\r\n\tat org.testng.internal.invokers.MethodRunner.runInSequence(MethodRunner.java:50)\r\n\tat org.testng.internal.invokers.TestInvoker$MethodInvocationAgent.invoke(TestInvoker.java:945)\r\n\tat org.testng.internal.invokers.TestInvoker.invokeTestMethods(TestInvoker.java:193)\r\n\tat org.testng.internal.invokers.TestMethodWorker.invokeTestMethods(TestMethodWorker.java:146)\r\n\tat org.testng.internal.invokers.TestMethodWorker.run(TestMethodWorker.java:128)\r\n\tat java.util.ArrayList.forEach(ArrayList.java:1259)\r\n\tat org.testng.TestRunner.privateRun(TestRunner.java:808)\r\n\tat org.testng.TestRunner.run(TestRunner.java:603)\r\n\tat org.testng.SuiteRunner.runTest(SuiteRunner.java:429)\r\n\tat org.testng.SuiteRunner.runSequentially(SuiteRunner.java:423)\r\n\tat org.testng.SuiteRunner.privateRun(SuiteRunner.java:383)\r\n\tat org.testng.SuiteRunner.run(SuiteRunner.java:326)\r\n\tat org.testng.SuiteRunnerWorker.runSuite(SuiteRunnerWorker.java:52)\r\n\tat org.testng.SuiteRunnerWorker.run(SuiteRunnerWorker.java:95)\r\n\tat org.testng.TestNG.runSuitesSequentially(TestNG.java:1249)\r\n\tat org.testng.TestNG.runSuitesLocally(TestNG.java:1169)\r\n\tat org.testng.TestNG.runSuites(TestNG.java:1092)\r\n\tat org.testng.TestNG.run(TestNG.java:1060)\r\n\tat org.gradle.api.internal.tasks.testing.testng.TestNGTestClassProcessor.runTests(TestNGTestClassProcessor.java:141)\r\n\tat org.gradle.api.internal.tasks.testing.testng.TestNGTestClassProcessor.stop(TestNGTestClassProcessor.java:90)\r\n\tat org.gradle.api.internal.tasks.testing.SuiteTestClassProcessor.stop(SuiteTestClassProcessor.java:61)\r\n\tat sun.reflect.NativeMethodAccessorImpl.invoke0(Native Method)\r\n\tat sun.reflect.NativeMethodAccessorImpl.invoke(NativeMethodAccessorImpl.java:62)\r\n\tat sun.reflect.DelegatingMethodAccessorImpl.invoke(DelegatingMethodAccessorImpl.java:43)\r\n\tat java.lang.reflect.Method.invoke(Method.java:498)\r\n\tat org.gradle.internal.dispatch.ReflectionDispatch.dispatch(ReflectionDispatch.java:36)\r\n\tat org.gradle.internal.dispatch.ReflectionDispatch.dispatch(ReflectionDispatch.java:24)\r\n\tat org.gradle.internal.dispatch.ContextClassLoaderDispatch.dispatch(ContextClassLoaderDispatch.java:33)\r\n\tat org.gradle.internal.dispatch.ProxyDispatchAdapter$DispatchingInvocationHandler.invoke(ProxyDispatchAdapter.java:94)\r\n\tat com.sun.proxy.$Proxy2.stop(Unknown Source)\r\n\tat org.gradle.api.internal.tasks.testing.worker.TestWorker$3.run(TestWorker.java:193)\r\n\tat org.gradle.api.internal.tasks.testing.worker.TestWorker.executeAndMaintainThreadName(TestWorker.java:129)\r\n\tat org.gradle.api.internal.tasks.testing.worker.TestWorker.execute(TestWorker.java:100)\r\n\tat org.gradle.api.internal.tasks.testing.worker.TestWorker.execute(TestWorker.java:60)\r\n\tat org.gradle.process.internal.worker.child.ActionExecutionWorker.execute(ActionExecutionWorker.java:56)\r\n\tat org.gradle.process.internal.worker.child.SystemApplicationClassLoaderWorker.call(SystemApplicationClassLoaderWorker.java:133)\r\n\tat org.gradle.process.internal.worker.child.SystemApplicationClassLoaderWorker.call(SystemApplicationClassLoaderWorker.java:71)\r\n\tat worker.org.gradle.process.internal.worker.GradleWorkerMain.run(GradleWorkerMain.java:69)\r\n\tat worker.org.gradle.process.internal.worker.GradleWorkerMain.main(GradleWorkerMain.java:74)\r\nCaused by: org.joor.ReflectException: java.lang.NoSuchFieldException: getLogin()\r\n\tat org.joor.Reflect.field0(Reflect.java:474)\r\n\tat org.joor.Reflect.field(Reflect.java:446)\r\n\t... 56 more\r\nCaused by: java.lang.NoSuchFieldException: getLogin()\r\n\tat java.lang.Class.getField(Class.java:1703)\r\n\tat org.joor.Reflect.field0(Reflect.java:459)\r\n\t... 57 more\r\n"},"stage":"finished","steps":[],"attachments":[],"parameters":[],"start":1661675787505,"stop":1661675788510,"uuid":"5ebad178-4330-4e1e-b0a5-33dfa0f308a3","historyId":"8ecc09276448993f0ed85f42437eecb0","fullName":"absoft.net.TestSuite.testCustomerSuccessfulPurchase","labels":[{"name":"package","value":"absoft.net.TestSuite"},{"name":"testClass","value":"absoft.net.TestSuite"},{"name":"testMethod","value":"testCustomerSuccessfulPurchase"},{"name":"parentSuite","value":"Gradle suite"},{"name":"suite","value":"Gradle test"},{"name":"subSuite","value":"absoft.net.TestSuite"},{"name":"host","value":"dnh0-7p30-75"},{"name":"thread","value":"9168@dnh0-7p30-75.Test worker(1)"},{"name":"framework","value":"testng"},{"name":"language","value":"java"}],"links":[]}